\BOOKMARK [0][-]{Doc-Start}{\376\377\000A\000B\000S\000T\000R\000A\000C\000T}{}% 1
\BOOKMARK [0][-]{Doc-Start}{\376\377\000T\000H\000A\000I\000\040\000A\000B\000S\000T\000R\000A\000C\000T}{}% 2
\BOOKMARK [0][-]{Doc-Start}{\376\377\000A\000C\000K\000N\000O\000W\000L\000E\000D\000G\000M\000E\000N\000T\000S}{}% 3
\BOOKMARK [0][-]{Doc-Start}{\376\377\000C\000O\000N\000T\000E\000N\000T\000S}{}% 4
\BOOKMARK [0][-]{Doc-Start}{\376\377\000L\000I\000S\000T\000\040\000O\000F\000\040\000T\000A\000B\000L\000E\000S}{}% 5
\BOOKMARK [0][-]{Doc-Start}{\376\377\000L\000I\000S\000T\000\040\000O\000F\000\040\000F\000I\000G\000U\000R\000E\000S}{}% 6
\BOOKMARK [0][-]{Doc-Start}{\376\377\000L\000I\000S\000T\000\040\000O\000F\000\040\000S\000Y\000M\000B\000O\000L\000S}{}% 7
\BOOKMARK [0][-]{Doc-Start}{\376\377\000L\000I\000S\000T\000\040\000O\000F\000\040\000T\000E\000C\000H\000N\000I\000C\000A\000L\000\040\000V\000O\000C\000A\000B\000U\000L\000A\000R\000Y\000\040\000A\000N\000D\000\040\000A\000B\000B\000R\000E\000V\000A\000T\000I\000O\000N\000S}{}% 8
\BOOKMARK [0][-]{chapter.1}{\376\377\000C\000H\000A\000P\000T\000E\000R}{}% 9
\BOOKMARK [0][-]{chapter.1}{\376\377\000I\000n\000t\000r\000o\000d\000u\000c\000t\000i\000o\000n}{}% 10
\BOOKMARK [1][-]{section.1.1}{\376\377\000P\000r\000o\000b\000l\000e\000m\000\040\000S\000t\000a\000t\000e\000m\000e\000n\000t}{chapter.1}% 11
\BOOKMARK [1][-]{section.1.2}{\376\377\000P\000o\000t\000e\000n\000t\000i\000a\000l\000\040\000B\000e\000n\000e\000f\000i\000t\000s}{chapter.1}% 12
\BOOKMARK [1][-]{section.1.3}{\376\377\000O\000b\000j\000e\000c\000t\000i\000v\000e\000s}{chapter.1}% 13
\BOOKMARK [1][-]{section.1.4}{\376\377\000S\000c\000o\000p\000e\000\040\000o\000f\000\040\000W\000o\000r\000k}{chapter.1}% 14
\BOOKMARK [1][-]{section.1.5}{\376\377\000L\000i\000m\000i\000t\000a\000t\000i\000o\000n\000\040\000o\000f\000\040\000P\000r\000o\000j\000e\000c\000t}{chapter.1}% 15
\BOOKMARK [1][-]{section.1.6}{\376\377\000P\000r\000o\000j\000e\000c\000t\000\040\000S\000c\000h\000e\000d\000u\000l\000e}{chapter.1}% 16
\BOOKMARK [1][-]{section.1.7}{\376\377\000E\000x\000p\000e\000c\000t\000e\000d\000\040\000O\000u\000t\000c\000o\000m\000e\000s}{chapter.1}% 17
\BOOKMARK [0][-]{chapter.2}{\376\377\000B\000a\000c\000k\000g\000r\000o\000u\000n\000d\000\040\000T\000h\000e\000o\000r\000y\000\040\000a\000n\000d\000\040\000R\000e\000l\000a\000t\000e\000d\000\040\000R\000e\000s\000e\000a\000r\000c\000h}{}% 18
\BOOKMARK [1][-]{section.2.1}{\376\377\000I\000n\000t\000r\000o\000d\000u\000c\000t\000i\000o\000n\000\040\000a\000n\000d\000\040\000B\000a\000c\000k\000g\000r\000o\000u\000n\000d}{chapter.2}% 19
\BOOKMARK [2][-]{subsection.2.1.1}{\376\377\000I\000n\000t\000r\000o\000d\000u\000c\000t\000i\000o\000n}{section.2.1}% 20
\BOOKMARK [2][-]{subsection.2.1.2}{\376\377\000B\000a\000c\000k\000g\000r\000o\000u\000n\000d}{section.2.1}% 21
\BOOKMARK [1][-]{section.2.2}{\376\377\000T\000h\000e\000o\000r\000y\000\040\000a\000n\000d\000\040\000C\000o\000r\000e\000\040\000C\000o\000n\000c\000e\000p\000t\000s}{chapter.2}% 22
\BOOKMARK [2][-]{subsection.2.2.1}{\376\377\000A\000r\000t\000i\000f\000i\000c\000i\000a\000l\000\040\000I\000n\000t\000e\000l\000l\000i\000g\000e\000n\000c\000e\000\040\000\050\000A\000I\000\051}{section.2.2}% 23
\BOOKMARK [2][-]{subsection.2.2.2}{\376\377\000M\000a\000c\000h\000i\000n\000e\000\040\000L\000e\000a\000r\000n\000i\000n\000g\000\040\000\050\000M\000L\000\051}{section.2.2}% 24
\BOOKMARK [2][-]{subsection.2.2.3}{\376\377\000C\000o\000m\000p\000u\000t\000e\000r\000\040\000V\000i\000s\000i\000o\000n\000\040\000\050\000C\000V\000\051}{section.2.2}% 25
\BOOKMARK [2][-]{subsection.2.2.4}{\376\377\000I\000m\000a\000g\000e\000\040\000P\000r\000o\000c\000e\000s\000s\000i\000n\000g}{section.2.2}% 26
\BOOKMARK [3][-]{subsubsection.2.2.4.1}{\376\377\000I\000m\000a\000g\000e\000\040\000A\000c\000q\000u\000i\000s\000i\000t\000i\000o\000n\000:}{subsection.2.2.4}% 27
\BOOKMARK [1][-]{section.2.3}{\376\377\000T\000e\000x\000t\000\040\000P\000r\000o\000c\000e\000s\000s\000i\000n\000g\000\040\000A\000l\000g\000o\000r\000i\000t\000h\000m\000s}{chapter.2}% 28
\BOOKMARK [2][-]{subsection.2.3.1}{\376\377\000A\000l\000g\000o\000r\000i\000t\000h\000m\000\040\000I}{section.2.3}% 29
\BOOKMARK [3][-]{subsubsection.2.3.1.1}{\376\377\000t\000e\000s\000t}{subsection.2.3.1}% 30
\BOOKMARK [2][-]{subsection.2.3.2}{\376\377\000A\000l\000g\000o\000r\000i\000t\000h\000m\000\040\000I\000I}{section.2.3}% 31
\BOOKMARK [3][-]{subsubsection.2.3.2.1}{\376\377\000S\000t\000e\000p\000\040\000I}{subsection.2.3.2}% 32
\BOOKMARK [3][-]{subsubsection.2.3.2.2}{\376\377\000S\000t\000e\000p\000\040\000I\000I}{subsection.2.3.2}% 33
\BOOKMARK [1][-]{section.2.4}{\376\377\000D\000e\000v\000e\000l\000o\000p\000m\000e\000n\000t\000\040\000T\000o\000o\000l\000s}{chapter.2}% 34
\BOOKMARK [0][-]{chapter.3}{\376\377\000D\000E\000S\000I\000G\000N\000\040\000A\000N\000D\000\040\000M\000E\000T\000H\000O\000D\000O\000L\000O\000G\000Y}{}% 35
\BOOKMARK [1][-]{section.3.1}{\376\377\000P\000r\000o\000j\000e\000c\000t\000\040\000F\000u\000n\000c\000t\000i\000o\000n\000a\000l\000i\000t\000y}{chapter.3}% 36
\BOOKMARK [2][-]{subsection.3.1.1}{\376\377\000S\000y\000s\000t\000e\000m\000\040\000R\000e\000q\000u\000i\000r\000e\000m\000e\000n\000t\000s}{section.3.1}% 37
\BOOKMARK [2][-]{subsection.3.1.2}{\376\377\000F\000e\000a\000t\000u\000r\000e\000\040\000L\000i\000s\000t}{section.3.1}% 38
\BOOKMARK [3][-]{subsubsection.3.1.2.1}{\376\377\000P\000a\000p\000e\000r\000-\000B\000a\000s\000e\000d\000\040\000F\000o\000r\000m\000\040\000A\000n\000a\000l\000y\000s\000i\000s\000\040\000S\000y\000s\000t\000e\000m}{subsection.3.1.2}% 39
\BOOKMARK [3][-]{subsubsection.3.1.2.2}{\376\377\000F\000o\000r\000m\000\040\000S\000c\000h\000e\000m\000a\000\040\000g\000e\000n\000e\000r\000a\000t\000o\000r\000\040\000S\000y\000s\000t\000e\000m}{subsection.3.1.2}% 40
\BOOKMARK [3][-]{subsubsection.3.1.2.3}{\376\377\000W\000e\000b\000\040\000F\000o\000r\000m\000\040\000S\000y\000s\000t\000e\000m}{subsection.3.1.2}% 41
\BOOKMARK [3][-]{subsubsection.3.1.2.4}{\376\377\000R\000e\000g\000i\000s\000t\000r\000a\000t\000i\000o\000n\000\040\000a\000n\000d\000\040\000A\000u\000t\000h\000e\000n\000t\000i\000c\000a\000t\000i\000o\000n\000\040\000S\000y\000s\000t\000e\000m}{subsection.3.1.2}% 42
\BOOKMARK [1][-]{section.3.2}{\376\377\000U\000s\000e\000\040\000C\000a\000s\000e\000\040\000D\000i\000a\000g\000r\000a\000m}{chapter.3}% 43
\BOOKMARK [1][-]{section.3.3}{\376\377\000U\000s\000e\000\040\000C\000a\000s\000e\000\040\000N\000a\000r\000r\000a\000t\000i\000v\000e}{chapter.3}% 44
\BOOKMARK [2][-]{subsection.3.3.1}{\376\377\000A\000u\000t\000e\000n\000t\000i\000c\000a\000t\000i\000o\000n}{section.3.3}% 45
\BOOKMARK [2][-]{subsection.3.3.2}{\376\377\000R\000e\000g\000i\000s\000t\000e\000r}{section.3.3}% 46
\BOOKMARK [2][-]{subsection.3.3.3}{\376\377\000C\000r\000e\000a\000t\000e\000\040\000a\000\040\000f\000o\000r\000m}{section.3.3}% 47
\BOOKMARK [2][-]{subsection.3.3.4}{\376\377\000E\000d\000i\000t\000\040\000a\000\040\000f\000o\000r\000m}{section.3.3}% 48
\BOOKMARK [2][-]{subsection.3.3.5}{\376\377\000V\000i\000e\000w\000\040\000a\000\040\000f\000o\000r\000m\000\040\000d\000a\000t\000a}{section.3.3}% 49
\BOOKMARK [2][-]{subsection.3.3.6}{\376\377\000F\000i\000l\000l\000\040\000u\000p\000\040\000t\000h\000e\000\040\000f\000o\000r\000m}{section.3.3}% 50
\BOOKMARK [1][-]{section.3.4}{\376\377\000A\000c\000t\000i\000v\000i\000t\000y\000\040\000D\000i\000a\000g\000r\000a\000m}{chapter.3}% 51
\BOOKMARK [2][-]{subsection.3.4.1}{\376\377\000F\000o\000r\000m\000\040\000c\000r\000e\000a\000t\000o\000r}{section.3.4}% 52
\BOOKMARK [2][-]{subsection.3.4.2}{\376\377\000S\000i\000g\000n\000e\000d\000-\000i\000n\000\040\000u\000s\000e\000r}{section.3.4}% 53
\BOOKMARK [2][-]{subsection.3.4.3}{\376\377\000N\000o\000n\000\040\000S\000i\000g\000n\000e\000d\000-\000i\000n\000\040\000u\000s\000e\000r}{section.3.4}% 54
\BOOKMARK [1][-]{section.3.5}{\376\377\000S\000y\000s\000t\000e\000m\000\040\000A\000r\000c\000h\000i\000t\000e\000c\000t\000u\000r\000e}{chapter.3}% 55
\BOOKMARK [1][-]{section.3.6}{\376\377\000D\000a\000t\000a\000b\000a\000s\000e\000\040\000D\000e\000s\000i\000g\000n}{chapter.3}% 56
\BOOKMARK [1][-]{section.3.7}{\376\377\000U\000s\000e\000r\000\040\000I\000n\000t\000e\000r\000f\000a\000c\000e\000\040\000D\000e\000s\000i\000g\000n}{chapter.3}% 57
\BOOKMARK [2][-]{subsection.3.7.1}{\376\377\000L\000o\000g\000i\000n\000\040\000P\000a\000g\000e}{section.3.7}% 58
\BOOKMARK [2][-]{subsection.3.7.2}{\376\377\000C\000r\000e\000a\000t\000e\000\040\000Y\000o\000u\000r\000\040\000A\000c\000c\000o\000u\000n\000t\000\040}{section.3.7}% 59
\BOOKMARK [2][-]{subsection.3.7.3}{\376\377\000F\000o\000r\000g\000o\000t\000\040\000P\000a\000s\000s\000w\000o\000r\000d}{section.3.7}% 60
\BOOKMARK [2][-]{subsection.3.7.4}{\376\377\000D\000a\000s\000h\000b\000o\000a\000r\000d}{section.3.7}% 61
\BOOKMARK [2][-]{subsection.3.7.5}{\376\377\000E\000d\000i\000t\000\040\000F\000o\000r\000m}{section.3.7}% 62
\BOOKMARK [2][-]{subsection.3.7.6}{\376\377\000F\000o\000r\000m}{section.3.7}% 63
\BOOKMARK [0][-]{chapter.4}{\376\377\000I\000m\000p\000l\000e\000m\000e\000n\000t\000a\000t\000i\000o\000n\000\040\000R\000e\000s\000u\000l\000t\000s}{}% 64
\BOOKMARK [0][-]{chapter.5}{\376\377\000C\000o\000n\000c\000l\000u\000s\000i\000o\000n\000s}{}% 65
\BOOKMARK [1][-]{section.5.1}{\376\377\000P\000r\000o\000b\000l\000e\000m\000s\000\040\000a\000n\000d\000\040\000S\000o\000l\000u\000t\000i\000o\000n\000s}{chapter.5}% 66
\BOOKMARK [1][-]{section.5.2}{\376\377\000F\000u\000t\000u\000r\000e\000\040\000W\000o\000r\000k\000s}{chapter.5}% 67
\BOOKMARK [0][-]{section.5.2}{\376\377\000R\000e\000f\000e\000r\000e\000n\000c\000e\000s}{}% 68
\BOOKMARK [0][-]{section.5.2}{\376\377\000A\000p\000p\000e\000n\000d\000i\000x}{}% 69
\BOOKMARK [0][-]{section.5.2}{\376\377\000A\000\040\000F\000i\000r\000s\000t\000\040\000a\000p\000p\000e\000n\000d\000i\000x\000\040\000t\000i\000t\000l\000e}{}% 70
\BOOKMARK [0][-]{equation.1.5}{\376\377\000B\000\040\000S\000e\000c\000o\000n\000d\000\040\000a\000p\000p\000e\000n\000d\000i\000x\000\040\000t\000i\000t\000l\000e}{}% 71
